<?xml version="1.0" encoding="UTF-8"?>
<testsuite name="com.example.lotterappjava.ModelUnitTest" tests="4" skipped="0" failures="0" errors="0" timestamp="2026-03-12T17:28:08.688Z" hostname="Sabits-MacBook-Air.local" time="0.001">
  <properties/>
  <testcase name="testNotificationCreation" classname="com.example.lotterappjava.ModelUnitTest" time="0.0"/>
  <testcase name="testFacilityCreation" classname="com.example.lotterappjava.ModelUnitTest" time="0.0"/>
  <testcase name="testEventCreation" classname="com.example.lotterappjava.ModelUnitTest" time="0.0"/>
  <testcase name="testUserCreation" classname="com.example.lotterappjava.ModelUnitTest" time="0.001"/>
  <system-out><![CDATA[]]></system-out>
  <system-err><![CDATA[]]></system-err>
</testsuite>
